{
  "stats": {
    "suites": 11,
    "tests": 24,
    "passes": 21,
    "pending": 3,
    "failures": 0,
    "start": "2023-05-03T06:40:29.891Z",
    "end": "2023-05-03T06:40:32.933Z",
    "duration": 3042,
    "testsRegistered": 24,
    "passPercent": 100,
    "pendingPercent": 12.5,
    "other": 0,
    "hasOther": false,
    "skipped": 0,
    "hasSkipped": false
  },
  "results": [
    {
      "uuid": "414d6ada-4666-423b-9589-3835681a4160",
      "title": "",
      "fullFile": "",
      "file": "",
      "beforeHooks": [],
      "afterHooks": [],
      "tests": [],
      "suites": [
        {
          "uuid": "2cf947bd-7290-49a6-b624-2ca5aea00931",
          "title": "----Task api----",
          "fullFile": "/Users/subhranilraha/Development/Mocha-Chai/test-case/api.spec.js",
          "file": "/test-case/api.spec.js",
          "beforeHooks": [],
          "afterHooks": [],
          "tests": [
            {
              "title": "get users",
              "fullTitle": "----Task api---- get users",
              "timedOut": false,
              "duration": 12,
              "state": "passed",
              "speed": "fast",
              "pass": true,
              "fail": false,
              "pending": false,
              "context": null,
              "code": "chai.request('http://localhost:8080').get('/user').end((err,res)=>{\n    expect(res.status).to.be.equal(200)\n    expect(res.body).to.have.all.keys('data','statusText')\n    done()\n})",
              "err": {},
              "uuid": "acb24c69-ef5a-4fa0-8bc3-7fe98c1f1ab3",
              "parentUUID": "2cf947bd-7290-49a6-b624-2ca5aea00931",
              "isHook": false,
              "skipped": false
            }
          ],
          "suites": [],
          "passes": [
            "acb24c69-ef5a-4fa0-8bc3-7fe98c1f1ab3"
          ],
          "failures": [],
          "pending": [],
          "skipped": [],
          "duration": 12,
          "root": false,
          "rootEmpty": false,
          "_timeout": 2000
        },
        {
          "uuid": "407502d5-4dea-4d8f-90dd-59bb0bcc6941",
          "title": "-------Aspect check-------",
          "fullFile": "/Users/subhranilraha/Development/Mocha-Chai/test-case/chai.spec.js",
          "file": "/test-case/chai.spec.js",
          "beforeHooks": [],
          "afterHooks": [],
          "tests": [
            {
              "title": "check string",
              "fullTitle": "-------Aspect check------- check string",
              "timedOut": false,
              "duration": 1,
              "state": "passed",
              "speed": "fast",
              "pass": true,
              "fail": false,
              "pending": false,
              "context": null,
              "code": "assert.typeOf(userName,'string');",
              "err": {},
              "uuid": "c0d5a491-034c-4a45-a3ec-ef2b8d8785df",
              "parentUUID": "407502d5-4dea-4d8f-90dd-59bb0bcc6941",
              "isHook": false,
              "skipped": false
            },
            {
              "title": "check equal",
              "fullTitle": "-------Aspect check------- check equal",
              "timedOut": false,
              "duration": 0,
              "state": "passed",
              "speed": "fast",
              "pass": true,
              "fail": false,
              "pending": false,
              "context": null,
              "code": "assert.equal(userName,'code improve');",
              "err": {},
              "uuid": "f18bc0a6-5341-4c42-abfc-00833cab0205",
              "parentUUID": "407502d5-4dea-4d8f-90dd-59bb0bcc6941",
              "isHook": false,
              "skipped": false
            },
            {
              "title": "check length",
              "fullTitle": "-------Aspect check------- check length",
              "timedOut": false,
              "duration": 0,
              "state": "passed",
              "speed": "fast",
              "pass": true,
              "fail": false,
              "pending": false,
              "context": null,
              "code": "assert.lengthOf(mylist.item,1);",
              "err": {},
              "uuid": "ec9c38b3-0edf-4434-bdd2-d5870cdb66bb",
              "parentUUID": "407502d5-4dea-4d8f-90dd-59bb0bcc6941",
              "isHook": false,
              "skipped": false
            }
          ],
          "suites": [],
          "passes": [
            "c0d5a491-034c-4a45-a3ec-ef2b8d8785df",
            "f18bc0a6-5341-4c42-abfc-00833cab0205",
            "ec9c38b3-0edf-4434-bdd2-d5870cdb66bb"
          ],
          "failures": [],
          "pending": [],
          "skipped": [],
          "duration": 1,
          "root": false,
          "rootEmpty": false,
          "_timeout": 2000
        },
        {
          "uuid": "e260580f-918e-4668-8cb3-0541087ccbab",
          "title": "-------Should check-------",
          "fullFile": "/Users/subhranilraha/Development/Mocha-Chai/test-case/chai.spec.js",
          "file": "/test-case/chai.spec.js",
          "beforeHooks": [],
          "afterHooks": [],
          "tests": [
            {
              "title": "check string",
              "fullTitle": "-------Should check------- check string",
              "timedOut": false,
              "duration": 0,
              "state": "passed",
              "speed": "fast",
              "pass": true,
              "fail": false,
              "pending": false,
              "context": null,
              "code": "userName.should.be.a('string');",
              "err": {},
              "uuid": "1518863c-7910-468f-a4e7-c91aea5b5fea",
              "parentUUID": "e260580f-918e-4668-8cb3-0541087ccbab",
              "isHook": false,
              "skipped": false
            },
            {
              "title": "check equal",
              "fullTitle": "-------Should check------- check equal",
              "timedOut": false,
              "duration": 0,
              "state": "passed",
              "speed": "fast",
              "pass": true,
              "fail": false,
              "pending": false,
              "context": null,
              "code": "userName.should.equal('code improve');",
              "err": {},
              "uuid": "8f2d7a43-cf1a-44e3-aa07-385fd0cb72b9",
              "parentUUID": "e260580f-918e-4668-8cb3-0541087ccbab",
              "isHook": false,
              "skipped": false
            },
            {
              "title": "check length",
              "fullTitle": "-------Should check------- check length",
              "timedOut": false,
              "duration": 0,
              "state": "passed",
              "speed": "fast",
              "pass": true,
              "fail": false,
              "pending": false,
              "context": null,
              "code": "mylist.should.have.property('item').with.lengthOf(1);",
              "err": {},
              "uuid": "3fd97398-b643-4792-b323-d2f86bec8610",
              "parentUUID": "e260580f-918e-4668-8cb3-0541087ccbab",
              "isHook": false,
              "skipped": false
            }
          ],
          "suites": [],
          "passes": [
            "1518863c-7910-468f-a4e7-c91aea5b5fea",
            "8f2d7a43-cf1a-44e3-aa07-385fd0cb72b9",
            "3fd97398-b643-4792-b323-d2f86bec8610"
          ],
          "failures": [],
          "pending": [],
          "skipped": [],
          "duration": 0,
          "root": false,
          "rootEmpty": false,
          "_timeout": 2000
        },
        {
          "uuid": "13941841-d749-4301-bc27-9e38bf62d360",
          "title": "-------Expect check-------",
          "fullFile": "/Users/subhranilraha/Development/Mocha-Chai/test-case/chai.spec.js",
          "file": "/test-case/chai.spec.js",
          "beforeHooks": [],
          "afterHooks": [],
          "tests": [
            {
              "title": "check string",
              "fullTitle": "-------Expect check------- check string",
              "timedOut": false,
              "duration": 0,
              "state": "passed",
              "speed": "fast",
              "pass": true,
              "fail": false,
              "pending": false,
              "context": null,
              "code": "expect(userName).to.be.a('string')",
              "err": {},
              "uuid": "f4a6e016-9d56-47dc-805f-225f0c5c2b55",
              "parentUUID": "13941841-d749-4301-bc27-9e38bf62d360",
              "isHook": false,
              "skipped": false
            },
            {
              "title": "check equal",
              "fullTitle": "-------Expect check------- check equal",
              "timedOut": false,
              "duration": 0,
              "state": "passed",
              "speed": "fast",
              "pass": true,
              "fail": false,
              "pending": false,
              "context": null,
              "code": "expect(userName).to.equal('code improve')",
              "err": {},
              "uuid": "73dba3d6-2462-496b-9c78-f54475ecae49",
              "parentUUID": "13941841-d749-4301-bc27-9e38bf62d360",
              "isHook": false,
              "skipped": false
            },
            {
              "title": "check length",
              "fullTitle": "-------Expect check------- check length",
              "timedOut": false,
              "duration": 0,
              "state": "passed",
              "speed": "fast",
              "pass": true,
              "fail": false,
              "pending": false,
              "context": null,
              "code": "expect(mylist).to.have.property('item').with.lengthOf(1)",
              "err": {},
              "uuid": "264409e3-c32f-4bd6-93c0-931e14ca486d",
              "parentUUID": "13941841-d749-4301-bc27-9e38bf62d360",
              "isHook": false,
              "skipped": false
            },
            {
              "title": "api object match",
              "fullTitle": "-------Expect check------- api object match",
              "timedOut": false,
              "duration": 0,
              "state": "passed",
              "speed": "fast",
              "pass": true,
              "fail": false,
              "pending": false,
              "context": null,
              "code": "expect(mylist).to.have.all.keys('item','title','address')",
              "err": {},
              "uuid": "cc5fb287-500e-45d5-bc76-9f07f46c84a7",
              "parentUUID": "13941841-d749-4301-bc27-9e38bf62d360",
              "isHook": false,
              "skipped": false
            },
            {
              "title": "phone no",
              "fullTitle": "-------Expect check------- phone no",
              "timedOut": false,
              "duration": 0,
              "state": "passed",
              "speed": "fast",
              "pass": true,
              "fail": false,
              "pending": false,
              "context": null,
              "code": "expect(mylist).to.have.nested.property('address.phoneNo[0]')",
              "err": {},
              "uuid": "f87200cc-2b25-4ed2-a271-6ee17364b173",
              "parentUUID": "13941841-d749-4301-bc27-9e38bf62d360",
              "isHook": false,
              "skipped": false
            },
            {
              "title": "include country",
              "fullTitle": "-------Expect check------- include country",
              "timedOut": false,
              "duration": 0,
              "state": "passed",
              "speed": "fast",
              "pass": true,
              "fail": false,
              "pending": false,
              "context": null,
              "code": "expect(mylist).to.have.nested.include({'address.country':'india'})",
              "err": {},
              "uuid": "49f5c601-fb6e-41a9-a6c0-09a0892d1291",
              "parentUUID": "13941841-d749-4301-bc27-9e38bf62d360",
              "isHook": false,
              "skipped": false
            }
          ],
          "suites": [],
          "passes": [
            "f4a6e016-9d56-47dc-805f-225f0c5c2b55",
            "73dba3d6-2462-496b-9c78-f54475ecae49",
            "264409e3-c32f-4bd6-93c0-931e14ca486d",
            "cc5fb287-500e-45d5-bc76-9f07f46c84a7",
            "f87200cc-2b25-4ed2-a271-6ee17364b173",
            "49f5c601-fb6e-41a9-a6c0-09a0892d1291"
          ],
          "failures": [],
          "pending": [],
          "skipped": [],
          "duration": 0,
          "root": false,
          "rootEmpty": false,
          "_timeout": 2000
        },
        {
          "uuid": "27ec6748-d008-488d-a48a-65e921aec457",
          "title": "----Hook-----",
          "fullFile": "/Users/subhranilraha/Development/Mocha-Chai/test-case/hook.spec.js",
          "file": "/test-case/hook.spec.js",
          "beforeHooks": [
            {
              "title": "\"before all\" hook in \"----Hook-----\"",
              "fullTitle": "----Hook----- \"before all\" hook in \"----Hook-----\"",
              "timedOut": false,
              "duration": 0,
              "state": null,
              "speed": null,
              "pass": false,
              "fail": false,
              "pending": false,
              "context": null,
              "code": "console.log(\"----------first----------\")",
              "err": {},
              "uuid": "225168d8-3605-460b-95e4-3cc8c4998ffa",
              "parentUUID": "27ec6748-d008-488d-a48a-65e921aec457",
              "isHook": true,
              "skipped": false
            },
            {
              "title": "\"before each\" hook in \"----Hook-----\"",
              "fullTitle": "----Hook----- \"before each\" hook in \"----Hook-----\"",
              "timedOut": false,
              "duration": 0,
              "state": null,
              "speed": null,
              "pass": false,
              "fail": false,
              "pending": false,
              "context": null,
              "code": "sinon.restore;\nconsole.log(\"--before test case :\"+i+\"--\")",
              "err": {},
              "uuid": "4deebe35-22a6-4ac0-9a75-f1b9e2ef5777",
              "parentUUID": "27ec6748-d008-488d-a48a-65e921aec457",
              "isHook": true,
              "skipped": false
            }
          ],
          "afterHooks": [
            {
              "title": "\"after all\" hook in \"----Hook-----\"",
              "fullTitle": "----Hook----- \"after all\" hook in \"----Hook-----\"",
              "timedOut": false,
              "duration": 0,
              "state": null,
              "speed": null,
              "pass": false,
              "fail": false,
              "pending": false,
              "context": null,
              "code": "console.log(\"-----------last----------\")",
              "err": {},
              "uuid": "1385ee32-40b3-4935-9a21-669143433175",
              "parentUUID": "27ec6748-d008-488d-a48a-65e921aec457",
              "isHook": true,
              "skipped": false
            },
            {
              "title": "\"after each\" hook in \"----Hook-----\"",
              "fullTitle": "----Hook----- \"after each\" hook in \"----Hook-----\"",
              "timedOut": false,
              "duration": 0,
              "state": null,
              "speed": null,
              "pass": false,
              "fail": false,
              "pending": false,
              "context": null,
              "code": "console.log(\"--after test case :\"+i+\"---\")\nconsole.log(\" \")\ni++",
              "err": {},
              "uuid": "6f6c3542-e021-4dc4-bfb6-aaaba509d323",
              "parentUUID": "27ec6748-d008-488d-a48a-65e921aec457",
              "isHook": true,
              "skipped": false
            }
          ],
          "tests": [
            {
              "title": "check string",
              "fullTitle": "----Hook----- check string",
              "timedOut": false,
              "duration": 0,
              "state": "passed",
              "speed": "fast",
              "pass": true,
              "fail": false,
              "pending": false,
              "context": null,
              "code": "expect(data).to.be.a(\"string\")",
              "err": {},
              "uuid": "b93c49ad-a0f5-4196-b09e-cebba8e525d9",
              "parentUUID": "27ec6748-d008-488d-a48a-65e921aec457",
              "isHook": false,
              "skipped": false
            },
            {
              "title": "check value",
              "fullTitle": "----Hook----- check value",
              "timedOut": false,
              "duration": 0,
              "state": "pending",
              "speed": null,
              "pass": false,
              "fail": false,
              "pending": true,
              "context": null,
              "code": "",
              "err": {},
              "uuid": "dac9b007-15bb-4988-9a7c-0d1fc1092ac5",
              "parentUUID": "27ec6748-d008-488d-a48a-65e921aec457",
              "isHook": false,
              "skipped": false
            }
          ],
          "suites": [],
          "passes": [
            "b93c49ad-a0f5-4196-b09e-cebba8e525d9"
          ],
          "failures": [],
          "pending": [
            "dac9b007-15bb-4988-9a7c-0d1fc1092ac5"
          ],
          "skipped": [],
          "duration": 0,
          "root": false,
          "rootEmpty": false,
          "_timeout": 2000
        },
        {
          "uuid": "48f931c8-0b1f-476c-9065-a63091d31991",
          "title": "----Hook 2----",
          "fullFile": "/Users/subhranilraha/Development/Mocha-Chai/test-case/hook.spec.js",
          "file": "/test-case/hook.spec.js",
          "beforeHooks": [],
          "afterHooks": [],
          "tests": [
            {
              "title": "check string",
              "fullTitle": "----Hook 2---- check string",
              "timedOut": false,
              "duration": 0,
              "state": "pending",
              "speed": null,
              "pass": false,
              "fail": false,
              "pending": true,
              "context": null,
              "code": "",
              "err": {},
              "uuid": "09b2be74-901d-4a7d-9579-8f7fa4077a13",
              "parentUUID": "48f931c8-0b1f-476c-9065-a63091d31991",
              "isHook": false,
              "skipped": false
            },
            {
              "title": "check value",
              "fullTitle": "----Hook 2---- check value",
              "timedOut": false,
              "duration": 0,
              "state": "pending",
              "speed": null,
              "pass": false,
              "fail": false,
              "pending": true,
              "context": null,
              "code": "",
              "err": {},
              "uuid": "97682ff7-dbf0-4055-9489-c16991d11f8c",
              "parentUUID": "48f931c8-0b1f-476c-9065-a63091d31991",
              "isHook": false,
              "skipped": false
            }
          ],
          "suites": [],
          "passes": [],
          "failures": [],
          "pending": [
            "09b2be74-901d-4a7d-9579-8f7fa4077a13",
            "97682ff7-dbf0-4055-9489-c16991d11f8c"
          ],
          "skipped": [],
          "duration": 0,
          "root": false,
          "rootEmpty": false,
          "_timeout": 2000
        },
        {
          "uuid": "0fe2ff5e-1260-4214-92b0-9611fa293210",
          "title": "------Mock-----",
          "fullFile": "/Users/subhranilraha/Development/Mocha-Chai/test-case/mock.spec.js",
          "file": "/test-case/mock.spec.js",
          "beforeHooks": [],
          "afterHooks": [],
          "tests": [
            {
              "title": "function call count",
              "fullTitle": "------Mock----- function call count",
              "timedOut": false,
              "duration": 1,
              "state": "passed",
              "speed": "fast",
              "pass": true,
              "fail": false,
              "pending": false,
              "context": null,
              "code": "let mock=sinon.mock(studobj)\nlet expt=mock.expects('getExternal')\nexpt.exactly(1)\nexpt.withArgs(40)\nstudobj.finalMarks(40);\nmock.verify();",
              "err": {},
              "uuid": "d70b76f7-2c24-4732-874a-e5a02f72dc95",
              "parentUUID": "0fe2ff5e-1260-4214-92b0-9611fa293210",
              "isHook": false,
              "skipped": false
            }
          ],
          "suites": [],
          "passes": [
            "d70b76f7-2c24-4732-874a-e5a02f72dc95"
          ],
          "failures": [],
          "pending": [],
          "skipped": [],
          "duration": 1,
          "root": false,
          "rootEmpty": false,
          "_timeout": 2000
        },
        {
          "uuid": "bca124b0-97b2-475a-b6d3-97e8afdd363e",
          "title": "------Nock-----",
          "fullFile": "/Users/subhranilraha/Development/Mocha-Chai/test-case/nock.spec.js",
          "file": "/test-case/nock.spec.js",
          "beforeHooks": [],
          "afterHooks": [],
          "tests": [
            {
              "title": "api test",
              "fullTitle": "------Nock----- api test",
              "timedOut": false,
              "duration": 9,
              "state": "passed",
              "speed": "fast",
              "pass": true,
              "fail": false,
              "pending": false,
              "context": null,
              "code": "let obj={status:'ok',statusCode:200,data:[]}\nconst apihit=nock('https://api.sampleapis.com').get('/coffee/hot').reply(200,obj)\nstudobj.thirdpartyApi().then(function(record){\n expect(record).to.be.eql(obj)\n done()\n})\n.catch(err=>{\n done(new Error(err))\n})",
              "err": {},
              "uuid": "80a77ddc-a178-4b25-81a4-acc354d79b75",
              "parentUUID": "bca124b0-97b2-475a-b6d3-97e8afdd363e",
              "isHook": false,
              "skipped": false
            }
          ],
          "suites": [],
          "passes": [
            "80a77ddc-a178-4b25-81a4-acc354d79b75"
          ],
          "failures": [],
          "pending": [],
          "skipped": [],
          "duration": 9,
          "root": false,
          "rootEmpty": false,
          "_timeout": 2000
        },
        {
          "uuid": "f78d6ea8-e767-414f-92c9-c71e2ae57dc9",
          "title": "------Promise-----",
          "fullFile": "/Users/subhranilraha/Development/Mocha-Chai/test-case/promise.spec.js",
          "file": "/test-case/promise.spec.js",
          "beforeHooks": [],
          "afterHooks": [],
          "tests": [
            {
              "title": "function value check",
              "fullTitle": "------Promise----- function value check",
              "timedOut": false,
              "duration": 1502,
              "state": "passed",
              "speed": "slow",
              "pass": true,
              "fail": false,
              "pending": false,
              "context": null,
              "code": "// expect(studobj.dbData()).to.be.equal(10)\nthis.timeout(0)\nstudobj.dbData().then(function(result){\n    expect(result).to.be.equal(10)\n    done()\n})",
              "err": {},
              "uuid": "b6f3c40a-c2c3-45d1-a4e9-600f0411b93c",
              "parentUUID": "f78d6ea8-e767-414f-92c9-c71e2ae57dc9",
              "isHook": false,
              "skipped": false
            },
            {
              "title": "chai promise value check",
              "fullTitle": "------Promise----- chai promise value check",
              "timedOut": false,
              "duration": 1502,
              "state": "passed",
              "speed": "slow",
              "pass": true,
              "fail": false,
              "pending": false,
              "context": null,
              "code": "this.timeout(0)\nreturn expect(studobj.dbData()).to.eventually.equal(10)",
              "err": {},
              "uuid": "98daf21c-3fd4-4661-9edd-5382f52149a7",
              "parentUUID": "f78d6ea8-e767-414f-92c9-c71e2ae57dc9",
              "isHook": false,
              "skipped": false
            }
          ],
          "suites": [],
          "passes": [
            "b6f3c40a-c2c3-45d1-a4e9-600f0411b93c",
            "98daf21c-3fd4-4661-9edd-5382f52149a7"
          ],
          "failures": [],
          "pending": [],
          "skipped": [],
          "duration": 3004,
          "root": false,
          "rootEmpty": false,
          "_timeout": 2000
        },
        {
          "uuid": "8b9ca63d-e863-447f-9ebe-9a9c155c088e",
          "title": "------spay-----",
          "fullFile": "/Users/subhranilraha/Development/Mocha-Chai/test-case/spy.spec.js",
          "file": "/test-case/spy.spec.js",
          "beforeHooks": [],
          "afterHooks": [],
          "tests": [
            {
              "title": "test user function",
              "fullTitle": "------spay----- test user function",
              "timedOut": false,
              "duration": 0,
              "state": "passed",
              "speed": "fast",
              "pass": true,
              "fail": false,
              "pending": false,
              "context": null,
              "code": "expect(studobj.userId()).to.be.equal(12)",
              "err": {},
              "uuid": "4863e4e0-9bf7-4442-b87d-cfec05d59904",
              "parentUUID": "8b9ca63d-e863-447f-9ebe-9a9c155c088e",
              "isHook": false,
              "skipped": false
            },
            {
              "title": "function arguments check",
              "fullTitle": "------spay----- function arguments check",
              "timedOut": false,
              "duration": 1,
              "state": "passed",
              "speed": "fast",
              "pass": true,
              "fail": false,
              "pending": false,
              "context": null,
              "code": "let spyobj=sinon.spy(studobj,'getInfo')\nstudobj.home(12);\nexpect(spyobj.calledWith(12,1)).to.be.true;",
              "err": {},
              "uuid": "e80c94ab-e360-419b-bae9-34c8937fec4d",
              "parentUUID": "8b9ca63d-e863-447f-9ebe-9a9c155c088e",
              "isHook": false,
              "skipped": false
            }
          ],
          "suites": [],
          "passes": [
            "4863e4e0-9bf7-4442-b87d-cfec05d59904",
            "e80c94ab-e360-419b-bae9-34c8937fec4d"
          ],
          "failures": [],
          "pending": [],
          "skipped": [],
          "duration": 1,
          "root": false,
          "rootEmpty": false,
          "_timeout": 2000
        },
        {
          "uuid": "70c5d5dc-710f-42e7-b8da-c6a530519cc2",
          "title": "------stub-----",
          "fullFile": "/Users/subhranilraha/Development/Mocha-Chai/test-case/stub.spec.js",
          "file": "/test-case/stub.spec.js",
          "beforeHooks": [],
          "afterHooks": [],
          "tests": [
            {
              "title": "function arguments check",
              "fullTitle": "------stub----- function arguments check",
              "timedOut": false,
              "duration": 2,
              "state": "passed",
              "speed": "fast",
              "pass": true,
              "fail": false,
              "pending": false,
              "context": null,
              "code": "let stub=sinon.stub(studobj,'getExternal')\n\nstub.withArgs(40).returns(5);\nexpect(studobj.finalMarks(40)).to.be.equal(54);",
              "err": {},
              "uuid": "34fceb51-4d8b-4b4e-b9d4-3cdf78b04404",
              "parentUUID": "70c5d5dc-710f-42e7-b8da-c6a530519cc2",
              "isHook": false,
              "skipped": false
            }
          ],
          "suites": [],
          "passes": [
            "34fceb51-4d8b-4b4e-b9d4-3cdf78b04404"
          ],
          "failures": [],
          "pending": [],
          "skipped": [],
          "duration": 2,
          "root": false,
          "rootEmpty": false,
          "_timeout": 2000
        }
      ],
      "passes": [],
      "failures": [],
      "pending": [],
      "skipped": [],
      "duration": 0,
      "root": true,
      "rootEmpty": true,
      "_timeout": 2000
    }
  ],
  "meta": {
    "mocha": {
      "version": "10.2.0"
    },
    "mochawesome": {
      "options": {
        "quiet": false,
        "reportFilename": "mochawesome",
        "saveHtml": true,
        "saveJson": true,
        "consoleReporter": "spec",
        "useInlineDiffs": false,
        "code": true
      },
      "version": "7.1.3"
    },
    "marge": {
      "options": {
        "reportDir": "Report",
        "": true
      },
      "version": "6.2.0"
    }
  }
}