{
  "stats": {
    "suites": 11,
    "tests": 24,
    "passes": 21,
    "pending": 3,
    "failures": 0,
    "start": "2023-05-03T06:43:25.735Z",
    "end": "2023-05-03T06:43:28.780Z",
    "duration": 3045,
    "testsRegistered": 24,
    "passPercent": 100,
    "pendingPercent": 12.5,
    "other": 0,
    "hasOther": false,
    "skipped": 0,
    "hasSkipped": false
  },
  "results": [
    {
      "uuid": "cad8ec3d-596b-47b5-a152-695e3ecdd480",
      "title": "",
      "fullFile": "",
      "file": "",
      "beforeHooks": [],
      "afterHooks": [],
      "tests": [],
      "suites": [
        {
          "uuid": "b029984e-7cd4-4624-8a38-ef5fd24bc72d",
          "title": "----Task api----",
          "fullFile": "/Users/subhranilraha/Development/Mocha-Chai/test-case/api.spec.js",
          "file": "/test-case/api.spec.js",
          "beforeHooks": [],
          "afterHooks": [],
          "tests": [
            {
              "title": "get users",
              "fullTitle": "----Task api---- get users",
              "timedOut": false,
              "duration": 12,
              "state": "passed",
              "speed": "fast",
              "pass": true,
              "fail": false,
              "pending": false,
              "context": null,
              "code": "chai.request('http://localhost:8080').get('/user').end((err,res)=>{\n    expect(res.status).to.be.equal(200)\n    expect(res.body).to.have.all.keys('data','statusText')\n    done()\n})",
              "err": {},
              "uuid": "4f16e8e6-48b2-431a-b9e9-ed75cad9325e",
              "parentUUID": "b029984e-7cd4-4624-8a38-ef5fd24bc72d",
              "isHook": false,
              "skipped": false
            }
          ],
          "suites": [],
          "passes": [
            "4f16e8e6-48b2-431a-b9e9-ed75cad9325e"
          ],
          "failures": [],
          "pending": [],
          "skipped": [],
          "duration": 12,
          "root": false,
          "rootEmpty": false,
          "_timeout": 2000
        },
        {
          "uuid": "ea7dcf13-347b-487c-8e1d-8dce456bebbb",
          "title": "-------Aspect check-------",
          "fullFile": "/Users/subhranilraha/Development/Mocha-Chai/test-case/chai.spec.js",
          "file": "/test-case/chai.spec.js",
          "beforeHooks": [],
          "afterHooks": [],
          "tests": [
            {
              "title": "check string",
              "fullTitle": "-------Aspect check------- check string",
              "timedOut": false,
              "duration": 0,
              "state": "passed",
              "speed": "fast",
              "pass": true,
              "fail": false,
              "pending": false,
              "context": null,
              "code": "assert.typeOf(userName,'string');",
              "err": {},
              "uuid": "8a187274-4be3-4c01-bd1a-b4257e4b86a0",
              "parentUUID": "ea7dcf13-347b-487c-8e1d-8dce456bebbb",
              "isHook": false,
              "skipped": false
            },
            {
              "title": "check equal",
              "fullTitle": "-------Aspect check------- check equal",
              "timedOut": false,
              "duration": 0,
              "state": "passed",
              "speed": "fast",
              "pass": true,
              "fail": false,
              "pending": false,
              "context": null,
              "code": "assert.equal(userName,'code improve');",
              "err": {},
              "uuid": "6e4be925-5138-4f8f-a088-b175ce6f9301",
              "parentUUID": "ea7dcf13-347b-487c-8e1d-8dce456bebbb",
              "isHook": false,
              "skipped": false
            },
            {
              "title": "check length",
              "fullTitle": "-------Aspect check------- check length",
              "timedOut": false,
              "duration": 0,
              "state": "passed",
              "speed": "fast",
              "pass": true,
              "fail": false,
              "pending": false,
              "context": null,
              "code": "assert.lengthOf(mylist.item,1);",
              "err": {},
              "uuid": "2e2dd75d-663c-4a9f-b07b-76b7db5ff39f",
              "parentUUID": "ea7dcf13-347b-487c-8e1d-8dce456bebbb",
              "isHook": false,
              "skipped": false
            }
          ],
          "suites": [],
          "passes": [
            "8a187274-4be3-4c01-bd1a-b4257e4b86a0",
            "6e4be925-5138-4f8f-a088-b175ce6f9301",
            "2e2dd75d-663c-4a9f-b07b-76b7db5ff39f"
          ],
          "failures": [],
          "pending": [],
          "skipped": [],
          "duration": 0,
          "root": false,
          "rootEmpty": false,
          "_timeout": 2000
        },
        {
          "uuid": "75cfcafa-74c7-42ca-876c-aed2473ef6a6",
          "title": "-------Should check-------",
          "fullFile": "/Users/subhranilraha/Development/Mocha-Chai/test-case/chai.spec.js",
          "file": "/test-case/chai.spec.js",
          "beforeHooks": [],
          "afterHooks": [],
          "tests": [
            {
              "title": "check string",
              "fullTitle": "-------Should check------- check string",
              "timedOut": false,
              "duration": 0,
              "state": "passed",
              "speed": "fast",
              "pass": true,
              "fail": false,
              "pending": false,
              "context": null,
              "code": "userName.should.be.a('string');",
              "err": {},
              "uuid": "e0d1a6a8-210e-4d03-8622-bc808687beb9",
              "parentUUID": "75cfcafa-74c7-42ca-876c-aed2473ef6a6",
              "isHook": false,
              "skipped": false
            },
            {
              "title": "check equal",
              "fullTitle": "-------Should check------- check equal",
              "timedOut": false,
              "duration": 0,
              "state": "passed",
              "speed": "fast",
              "pass": true,
              "fail": false,
              "pending": false,
              "context": null,
              "code": "userName.should.equal('code improve');",
              "err": {},
              "uuid": "cf43b86a-3267-4912-8a2b-0fe3becc4eb0",
              "parentUUID": "75cfcafa-74c7-42ca-876c-aed2473ef6a6",
              "isHook": false,
              "skipped": false
            },
            {
              "title": "check length",
              "fullTitle": "-------Should check------- check length",
              "timedOut": false,
              "duration": 0,
              "state": "passed",
              "speed": "fast",
              "pass": true,
              "fail": false,
              "pending": false,
              "context": null,
              "code": "mylist.should.have.property('item').with.lengthOf(1);",
              "err": {},
              "uuid": "57004edc-cc40-40ef-909a-31bec675937e",
              "parentUUID": "75cfcafa-74c7-42ca-876c-aed2473ef6a6",
              "isHook": false,
              "skipped": false
            }
          ],
          "suites": [],
          "passes": [
            "e0d1a6a8-210e-4d03-8622-bc808687beb9",
            "cf43b86a-3267-4912-8a2b-0fe3becc4eb0",
            "57004edc-cc40-40ef-909a-31bec675937e"
          ],
          "failures": [],
          "pending": [],
          "skipped": [],
          "duration": 0,
          "root": false,
          "rootEmpty": false,
          "_timeout": 2000
        },
        {
          "uuid": "be0438a3-8d95-46d7-bc05-92c974981309",
          "title": "-------Expect check-------",
          "fullFile": "/Users/subhranilraha/Development/Mocha-Chai/test-case/chai.spec.js",
          "file": "/test-case/chai.spec.js",
          "beforeHooks": [],
          "afterHooks": [],
          "tests": [
            {
              "title": "check string",
              "fullTitle": "-------Expect check------- check string",
              "timedOut": false,
              "duration": 0,
              "state": "passed",
              "speed": "fast",
              "pass": true,
              "fail": false,
              "pending": false,
              "context": null,
              "code": "expect(userName).to.be.a('string')",
              "err": {},
              "uuid": "fcd2fad1-063b-4a3d-994b-2310b050dfc4",
              "parentUUID": "be0438a3-8d95-46d7-bc05-92c974981309",
              "isHook": false,
              "skipped": false
            },
            {
              "title": "check equal",
              "fullTitle": "-------Expect check------- check equal",
              "timedOut": false,
              "duration": 0,
              "state": "passed",
              "speed": "fast",
              "pass": true,
              "fail": false,
              "pending": false,
              "context": null,
              "code": "expect(userName).to.equal('code improve')",
              "err": {},
              "uuid": "e71978af-fc3d-4d12-9b12-7c688bdc3381",
              "parentUUID": "be0438a3-8d95-46d7-bc05-92c974981309",
              "isHook": false,
              "skipped": false
            },
            {
              "title": "check length",
              "fullTitle": "-------Expect check------- check length",
              "timedOut": false,
              "duration": 0,
              "state": "passed",
              "speed": "fast",
              "pass": true,
              "fail": false,
              "pending": false,
              "context": null,
              "code": "expect(mylist).to.have.property('item').with.lengthOf(1)",
              "err": {},
              "uuid": "6d54a28e-54af-4e96-9b23-dc746f557a31",
              "parentUUID": "be0438a3-8d95-46d7-bc05-92c974981309",
              "isHook": false,
              "skipped": false
            },
            {
              "title": "api object match",
              "fullTitle": "-------Expect check------- api object match",
              "timedOut": false,
              "duration": 0,
              "state": "passed",
              "speed": "fast",
              "pass": true,
              "fail": false,
              "pending": false,
              "context": null,
              "code": "expect(mylist).to.have.all.keys('item','title','address')",
              "err": {},
              "uuid": "6fe548d1-1290-4471-9dde-6a31a7a227b0",
              "parentUUID": "be0438a3-8d95-46d7-bc05-92c974981309",
              "isHook": false,
              "skipped": false
            },
            {
              "title": "phone no",
              "fullTitle": "-------Expect check------- phone no",
              "timedOut": false,
              "duration": 1,
              "state": "passed",
              "speed": "fast",
              "pass": true,
              "fail": false,
              "pending": false,
              "context": null,
              "code": "expect(mylist).to.have.nested.property('address.phoneNo[0]')",
              "err": {},
              "uuid": "08405bf5-b9b1-4268-b9d1-d9a16678dce8",
              "parentUUID": "be0438a3-8d95-46d7-bc05-92c974981309",
              "isHook": false,
              "skipped": false
            },
            {
              "title": "include country",
              "fullTitle": "-------Expect check------- include country",
              "timedOut": false,
              "duration": 0,
              "state": "passed",
              "speed": "fast",
              "pass": true,
              "fail": false,
              "pending": false,
              "context": null,
              "code": "expect(mylist).to.have.nested.include({'address.country':'india'})",
              "err": {},
              "uuid": "22d46f4a-2907-480b-b1c6-63409bbb1b58",
              "parentUUID": "be0438a3-8d95-46d7-bc05-92c974981309",
              "isHook": false,
              "skipped": false
            }
          ],
          "suites": [],
          "passes": [
            "fcd2fad1-063b-4a3d-994b-2310b050dfc4",
            "e71978af-fc3d-4d12-9b12-7c688bdc3381",
            "6d54a28e-54af-4e96-9b23-dc746f557a31",
            "6fe548d1-1290-4471-9dde-6a31a7a227b0",
            "08405bf5-b9b1-4268-b9d1-d9a16678dce8",
            "22d46f4a-2907-480b-b1c6-63409bbb1b58"
          ],
          "failures": [],
          "pending": [],
          "skipped": [],
          "duration": 1,
          "root": false,
          "rootEmpty": false,
          "_timeout": 2000
        },
        {
          "uuid": "19428d21-d2ba-4c0f-ba79-61a22b37f3c4",
          "title": "----Hook-----",
          "fullFile": "/Users/subhranilraha/Development/Mocha-Chai/test-case/hook.spec.js",
          "file": "/test-case/hook.spec.js",
          "beforeHooks": [
            {
              "title": "\"before all\" hook in \"----Hook-----\"",
              "fullTitle": "----Hook----- \"before all\" hook in \"----Hook-----\"",
              "timedOut": false,
              "duration": 0,
              "state": null,
              "speed": null,
              "pass": false,
              "fail": false,
              "pending": false,
              "context": null,
              "code": "console.log(\"----------first----------\")",
              "err": {},
              "uuid": "856014b7-3ef5-4dca-abee-57ce509bdc86",
              "parentUUID": "19428d21-d2ba-4c0f-ba79-61a22b37f3c4",
              "isHook": true,
              "skipped": false
            },
            {
              "title": "\"before each\" hook in \"----Hook-----\"",
              "fullTitle": "----Hook----- \"before each\" hook in \"----Hook-----\"",
              "timedOut": false,
              "duration": 0,
              "state": null,
              "speed": null,
              "pass": false,
              "fail": false,
              "pending": false,
              "context": null,
              "code": "sinon.restore;\nconsole.log(\"--before test case :\"+i+\"--\")",
              "err": {},
              "uuid": "c5567e65-ed41-4370-af6a-5a4cee92ec44",
              "parentUUID": "19428d21-d2ba-4c0f-ba79-61a22b37f3c4",
              "isHook": true,
              "skipped": false
            }
          ],
          "afterHooks": [
            {
              "title": "\"after all\" hook in \"----Hook-----\"",
              "fullTitle": "----Hook----- \"after all\" hook in \"----Hook-----\"",
              "timedOut": false,
              "duration": 0,
              "state": null,
              "speed": null,
              "pass": false,
              "fail": false,
              "pending": false,
              "context": null,
              "code": "console.log(\"-----------last----------\")",
              "err": {},
              "uuid": "673dd089-9286-45e2-be67-a3506ab208e0",
              "parentUUID": "19428d21-d2ba-4c0f-ba79-61a22b37f3c4",
              "isHook": true,
              "skipped": false
            },
            {
              "title": "\"after each\" hook in \"----Hook-----\"",
              "fullTitle": "----Hook----- \"after each\" hook in \"----Hook-----\"",
              "timedOut": false,
              "duration": 0,
              "state": null,
              "speed": null,
              "pass": false,
              "fail": false,
              "pending": false,
              "context": null,
              "code": "console.log(\"--after test case :\"+i+\"---\")\nconsole.log(\" \")\ni++",
              "err": {},
              "uuid": "ee6ff65a-8eec-451b-ab1c-6512df7bfa1b",
              "parentUUID": "19428d21-d2ba-4c0f-ba79-61a22b37f3c4",
              "isHook": true,
              "skipped": false
            }
          ],
          "tests": [
            {
              "title": "check string",
              "fullTitle": "----Hook----- check string",
              "timedOut": false,
              "duration": 0,
              "state": "passed",
              "speed": "fast",
              "pass": true,
              "fail": false,
              "pending": false,
              "context": null,
              "code": "expect(data).to.be.a(\"string\")",
              "err": {},
              "uuid": "75e2bbef-25f3-4c40-834e-abb844f474ef",
              "parentUUID": "19428d21-d2ba-4c0f-ba79-61a22b37f3c4",
              "isHook": false,
              "skipped": false
            },
            {
              "title": "check value",
              "fullTitle": "----Hook----- check value",
              "timedOut": false,
              "duration": 0,
              "state": "pending",
              "speed": null,
              "pass": false,
              "fail": false,
              "pending": true,
              "context": null,
              "code": "",
              "err": {},
              "uuid": "8d164440-da0c-401d-acb5-70e19cd18ef4",
              "parentUUID": "19428d21-d2ba-4c0f-ba79-61a22b37f3c4",
              "isHook": false,
              "skipped": false
            }
          ],
          "suites": [],
          "passes": [
            "75e2bbef-25f3-4c40-834e-abb844f474ef"
          ],
          "failures": [],
          "pending": [
            "8d164440-da0c-401d-acb5-70e19cd18ef4"
          ],
          "skipped": [],
          "duration": 0,
          "root": false,
          "rootEmpty": false,
          "_timeout": 2000
        },
        {
          "uuid": "5875c636-f8b0-4346-b1c6-2843a70a02ea",
          "title": "----Hook 2----",
          "fullFile": "/Users/subhranilraha/Development/Mocha-Chai/test-case/hook.spec.js",
          "file": "/test-case/hook.spec.js",
          "beforeHooks": [],
          "afterHooks": [],
          "tests": [
            {
              "title": "check string",
              "fullTitle": "----Hook 2---- check string",
              "timedOut": false,
              "duration": 0,
              "state": "pending",
              "speed": null,
              "pass": false,
              "fail": false,
              "pending": true,
              "context": null,
              "code": "",
              "err": {},
              "uuid": "c1bc611f-980c-4a8b-8733-1806fecb1c91",
              "parentUUID": "5875c636-f8b0-4346-b1c6-2843a70a02ea",
              "isHook": false,
              "skipped": false
            },
            {
              "title": "check value",
              "fullTitle": "----Hook 2---- check value",
              "timedOut": false,
              "duration": 0,
              "state": "pending",
              "speed": null,
              "pass": false,
              "fail": false,
              "pending": true,
              "context": null,
              "code": "",
              "err": {},
              "uuid": "bfa9b222-0adf-4719-b540-b73111458d83",
              "parentUUID": "5875c636-f8b0-4346-b1c6-2843a70a02ea",
              "isHook": false,
              "skipped": false
            }
          ],
          "suites": [],
          "passes": [],
          "failures": [],
          "pending": [
            "c1bc611f-980c-4a8b-8733-1806fecb1c91",
            "bfa9b222-0adf-4719-b540-b73111458d83"
          ],
          "skipped": [],
          "duration": 0,
          "root": false,
          "rootEmpty": false,
          "_timeout": 2000
        },
        {
          "uuid": "88808937-087c-4969-bc49-6b977d041168",
          "title": "------Mock-----",
          "fullFile": "/Users/subhranilraha/Development/Mocha-Chai/test-case/mock.spec.js",
          "file": "/test-case/mock.spec.js",
          "beforeHooks": [],
          "afterHooks": [],
          "tests": [
            {
              "title": "function call count",
              "fullTitle": "------Mock----- function call count",
              "timedOut": false,
              "duration": 2,
              "state": "passed",
              "speed": "fast",
              "pass": true,
              "fail": false,
              "pending": false,
              "context": null,
              "code": "let mock=sinon.mock(studobj)\nlet expt=mock.expects('getExternal')\nexpt.exactly(1)\nexpt.withArgs(40)\nstudobj.finalMarks(40);\nmock.verify();",
              "err": {},
              "uuid": "a9d5d1a7-3a0b-42f0-ae2c-3708ebf61383",
              "parentUUID": "88808937-087c-4969-bc49-6b977d041168",
              "isHook": false,
              "skipped": false
            }
          ],
          "suites": [],
          "passes": [
            "a9d5d1a7-3a0b-42f0-ae2c-3708ebf61383"
          ],
          "failures": [],
          "pending": [],
          "skipped": [],
          "duration": 2,
          "root": false,
          "rootEmpty": false,
          "_timeout": 2000
        },
        {
          "uuid": "6849cba2-de6a-4697-a9f7-b6d60ead4cfd",
          "title": "------Nock-----",
          "fullFile": "/Users/subhranilraha/Development/Mocha-Chai/test-case/nock.spec.js",
          "file": "/test-case/nock.spec.js",
          "beforeHooks": [],
          "afterHooks": [],
          "tests": [
            {
              "title": "api test",
              "fullTitle": "------Nock----- api test",
              "timedOut": false,
              "duration": 10,
              "state": "passed",
              "speed": "fast",
              "pass": true,
              "fail": false,
              "pending": false,
              "context": null,
              "code": "let obj={status:'ok',statusCode:200,data:[]}\nconst apihit=nock('https://api.sampleapis.com').get('/coffee/hot').reply(200,obj)\nstudobj.thirdpartyApi().then(function(record){\n expect(record).to.be.eql(obj)\n done()\n})\n.catch(err=>{\n done(new Error(err))\n})",
              "err": {},
              "uuid": "aad1ba13-2c9a-46d8-ada4-df0fe9debb0a",
              "parentUUID": "6849cba2-de6a-4697-a9f7-b6d60ead4cfd",
              "isHook": false,
              "skipped": false
            }
          ],
          "suites": [],
          "passes": [
            "aad1ba13-2c9a-46d8-ada4-df0fe9debb0a"
          ],
          "failures": [],
          "pending": [],
          "skipped": [],
          "duration": 10,
          "root": false,
          "rootEmpty": false,
          "_timeout": 2000
        },
        {
          "uuid": "5e56df6b-26c7-4e15-8f52-2c19d4c2f17d",
          "title": "------Promise-----",
          "fullFile": "/Users/subhranilraha/Development/Mocha-Chai/test-case/promise.spec.js",
          "file": "/test-case/promise.spec.js",
          "beforeHooks": [],
          "afterHooks": [],
          "tests": [
            {
              "title": "function value check",
              "fullTitle": "------Promise----- function value check",
              "timedOut": false,
              "duration": 1501,
              "state": "passed",
              "speed": "slow",
              "pass": true,
              "fail": false,
              "pending": false,
              "context": null,
              "code": "// expect(studobj.dbData()).to.be.equal(10)\nthis.timeout(0)\nstudobj.dbData().then(function(result){\n    expect(result).to.be.equal(10)\n    done()\n})",
              "err": {},
              "uuid": "361b52d0-58d9-4f19-8227-b4685d22ff68",
              "parentUUID": "5e56df6b-26c7-4e15-8f52-2c19d4c2f17d",
              "isHook": false,
              "skipped": false
            },
            {
              "title": "chai promise value check",
              "fullTitle": "------Promise----- chai promise value check",
              "timedOut": false,
              "duration": 1503,
              "state": "passed",
              "speed": "slow",
              "pass": true,
              "fail": false,
              "pending": false,
              "context": null,
              "code": "this.timeout(0)\nreturn expect(studobj.dbData()).to.eventually.equal(10)",
              "err": {},
              "uuid": "9049ac15-4466-4847-8216-5bfef2abe1f6",
              "parentUUID": "5e56df6b-26c7-4e15-8f52-2c19d4c2f17d",
              "isHook": false,
              "skipped": false
            }
          ],
          "suites": [],
          "passes": [
            "361b52d0-58d9-4f19-8227-b4685d22ff68",
            "9049ac15-4466-4847-8216-5bfef2abe1f6"
          ],
          "failures": [],
          "pending": [],
          "skipped": [],
          "duration": 3004,
          "root": false,
          "rootEmpty": false,
          "_timeout": 2000
        },
        {
          "uuid": "68b8cfcf-161e-4575-875a-725e8701b637",
          "title": "------spay-----",
          "fullFile": "/Users/subhranilraha/Development/Mocha-Chai/test-case/spy.spec.js",
          "file": "/test-case/spy.spec.js",
          "beforeHooks": [],
          "afterHooks": [],
          "tests": [
            {
              "title": "test user function",
              "fullTitle": "------spay----- test user function",
              "timedOut": false,
              "duration": 0,
              "state": "passed",
              "speed": "fast",
              "pass": true,
              "fail": false,
              "pending": false,
              "context": null,
              "code": "expect(studobj.userId()).to.be.equal(12)",
              "err": {},
              "uuid": "13bcc3a6-3493-487b-8caa-462702659b4f",
              "parentUUID": "68b8cfcf-161e-4575-875a-725e8701b637",
              "isHook": false,
              "skipped": false
            },
            {
              "title": "function arguments check",
              "fullTitle": "------spay----- function arguments check",
              "timedOut": false,
              "duration": 2,
              "state": "passed",
              "speed": "fast",
              "pass": true,
              "fail": false,
              "pending": false,
              "context": null,
              "code": "let spyobj=sinon.spy(studobj,'getInfo')\nstudobj.home(12);\nexpect(spyobj.calledWith(12,1)).to.be.true;",
              "err": {},
              "uuid": "b6ed3093-77a3-45c9-a729-216b2556e1bd",
              "parentUUID": "68b8cfcf-161e-4575-875a-725e8701b637",
              "isHook": false,
              "skipped": false
            }
          ],
          "suites": [],
          "passes": [
            "13bcc3a6-3493-487b-8caa-462702659b4f",
            "b6ed3093-77a3-45c9-a729-216b2556e1bd"
          ],
          "failures": [],
          "pending": [],
          "skipped": [],
          "duration": 2,
          "root": false,
          "rootEmpty": false,
          "_timeout": 2000
        },
        {
          "uuid": "8a019eda-0f34-40b5-8c9b-4c9267b828ef",
          "title": "------stub-----",
          "fullFile": "/Users/subhranilraha/Development/Mocha-Chai/test-case/stub.spec.js",
          "file": "/test-case/stub.spec.js",
          "beforeHooks": [],
          "afterHooks": [],
          "tests": [
            {
              "title": "function arguments check",
              "fullTitle": "------stub----- function arguments check",
              "timedOut": false,
              "duration": 2,
              "state": "passed",
              "speed": "fast",
              "pass": true,
              "fail": false,
              "pending": false,
              "context": null,
              "code": "let stub=sinon.stub(studobj,'getExternal')\n\nstub.withArgs(40).returns(5);\nexpect(studobj.finalMarks(40)).to.be.equal(54);",
              "err": {},
              "uuid": "e2200fcf-f34d-455b-aac0-08808778aaa7",
              "parentUUID": "8a019eda-0f34-40b5-8c9b-4c9267b828ef",
              "isHook": false,
              "skipped": false
            }
          ],
          "suites": [],
          "passes": [
            "e2200fcf-f34d-455b-aac0-08808778aaa7"
          ],
          "failures": [],
          "pending": [],
          "skipped": [],
          "duration": 2,
          "root": false,
          "rootEmpty": false,
          "_timeout": 2000
        }
      ],
      "passes": [],
      "failures": [],
      "pending": [],
      "skipped": [],
      "duration": 0,
      "root": true,
      "rootEmpty": true,
      "_timeout": 2000
    }
  ],
  "meta": {
    "mocha": {
      "version": "10.2.0"
    },
    "mochawesome": {
      "options": {
        "quiet": false,
        "reportFilename": "mochawesome",
        "saveHtml": true,
        "saveJson": true,
        "consoleReporter": "spec",
        "useInlineDiffs": false,
        "code": true
      },
      "version": "7.1.3"
    },
    "marge": {
      "options": null,
      "version": "6.2.0"
    }
  }
}